c:\users\кайсар санжар мама\desktop\c++project\blaze\bin-int\debug-win32\${projectname}\vc143.pdb
c:\users\кайсар санжар мама\desktop\c++project\blaze\bin-int\debug-win32\${projectname}\vc143.idb
c:\users\кайсар санжар мама\desktop\c++project\blaze\bin-int\debug-win32\${projectname}\sandboxapp.obj
c:\users\кайсар санжар мама\desktop\c++project\blaze\bin\debug-win32\${projectname}\sandbox.lib
c:\users\кайсар санжар мама\desktop\c++project\blaze\bin\debug-win32\${projectname}\sandbox.exp
c:\users\кайсар санжар мама\desktop\c++project\blaze\bin\debug-win32\${projectname}\sandbox.exe
c:\users\кайсар санжар мама\desktop\c++project\blaze\bin-int\debug-win32\${projectname}\sandbox.ilk
c:\users\кайсар санжар мама\desktop\c++project\blaze\bin\debug-win32\${projectname}\sandbox.pdb
c:\users\кайсар санжар мама\desktop\c++project\blaze\bin-int\debug-win32\${projectname}\application.obj
c:\users\кайсар санжар мама\desktop\c++project\blaze\bin-int\debug-win32\${projectname}\log.obj
c:\users\кайсар санжар мама\desktop\c++project\blaze\bin-int\debug-win32\${projectname}\blaze.ilk
c:\users\кайсар санжар мама\desktop\c++project\blaze\bin-int\debug-win32\${projectname}\sandbox.vcxproj.filelistabsolute.txt
c:\users\кайсар санжар мама\desktop\c++project\blaze\bin-int\debug-win32\${projectname}\sandbox.tlog\cl.command.1.tlog
c:\users\кайсар санжар мама\desktop\c++project\blaze\bin-int\debug-win32\${projectname}\sandbox.tlog\cl.items.tlog
c:\users\кайсар санжар мама\desktop\c++project\blaze\bin-int\debug-win32\${projectname}\sandbox.tlog\cl.read.1.tlog
c:\users\кайсар санжар мама\desktop\c++project\blaze\bin-int\debug-win32\${projectname}\sandbox.tlog\cl.write.1.tlog
c:\users\кайсар санжар мама\desktop\c++project\blaze\bin-int\debug-win32\${projectname}\sandbox.tlog\link.command.1.tlog
c:\users\кайсар санжар мама\desktop\c++project\blaze\bin-int\debug-win32\${projectname}\sandbox.tlog\link.read.1.tlog
c:\users\кайсар санжар мама\desktop\c++project\blaze\bin-int\debug-win32\${projectname}\sandbox.tlog\link.write.1.tlog
c:\users\кайсар санжар мама\desktop\c++project\blaze\bin-int\debug-win32\${projectname}\sandbox.tlog\link.write.2u.tlog
