
Итоги по проекту:
       21 мс вызовов   1 C:\Users\Кайсар Санжар Мама\Desktop\C++Project\Blaze\Sandbox\Sandbox.vcxproj
                 21 мс вызовов   1 Clean                                   

Итоги по целям:
        0 мс вызовов   1 PrepareProjectReferences                
        0 мс вызовов   1 PGInstrumentedClean                     
        0 мс вызовов   1 AfterCppClean                           
        0 мс вызовов   1 BeforeCppClean                          
        0 мс вызовов   1 AfterClean                              
        0 мс вызовов   1 CleanPublishFolder                      
        0 мс вызовов   1 CleanReferencedProjects                 
        0 мс вызовов   1 CppClean                                
        0 мс вызовов   1 Clean                                   
        0 мс вызовов   1 _AddOutputPathToGlobalPropertiesToRemove
        0 мс вызовов   1 BeforeClean                             
        0 мс вызовов   1 _PrepareForClean                        
        1 мс вызовов   1 _CheckForInvalidConfigurationAndPlatform
        2 мс вызовов   1 _GetProjectReferenceTargetFrameworkProperties
        2 мс вызовов   1 CoreClean                               
        2 мс вызовов   1 CoreCppClean                            
        4 мс вызовов   1 _SplitProjectReferencesByFileExistence  
        9 мс вызовов   1 AssignProjectConfiguration              

Итоги по задачам:
        0 мс вызовов   2 Message                                 
        0 мс вызовов   1 ReadLinesFromFile                       
        0 мс вызовов   2 FindUnderPath                           
        0 мс вызовов   1 RemoveDuplicates                        
        0 мс вызовов   2 MakeDir                                 
        0 мс вызовов   2 WriteLinesToFile                        
        0 мс вызовов   1 SetRidAgnosticValueForProjects          
        1 мс вызовов   3 Delete                                  
        2 мс вызовов   1 ResolveNonMSBuildProjectOutput          
        2 мс вызовов   1 CppClean                                
        5 мс вызовов   1 AssignProjectConfiguration              
